<?xml version="1.0" encoding="UTF-8"?>
<testsuites>
	<testsuite name="KanbanAppTestCase-20260527135457" tests="3" time="0.159" failures="0" errors="0" skipped="0">
		<testcase classname="KanbanAppTestCase" name="test_1_add_and_edit_user" time="0.150"/>
		<testcase classname="KanbanAppTestCase" name="test_2_add_and_delete_task" time="0.003"/>
		<testcase classname="KanbanAppTestCase" name="test_3_add_and_delete_project" time="0.006"/>
		<system-out><![CDATA[]]></system-out>
		<system-err><![CDATA[]]></system-err>
	</testsuite>
</testsuites>
