<?xml version="1.0" encoding="UTF-8"?>
<testsuite name="test_project_api.ProjectApiTestCase-20260529170839" tests="3" time="0.573" failures="0" errors="0" skipped="0">
	<testcase classname="test_project_api.ProjectApiTestCase" name="test_1_add_edit_delete_project" time="0.006"/>
	<testcase classname="test_project_api.ProjectApiTestCase" name="test_2_regular_user_cannot_delete_project" time="0.284"/>
	<testcase classname="test_project_api.ProjectApiTestCase" name="test_3_regular_user_cannot_create_project" time="0.283"/>
	<system-out><![CDATA[[Kanban API] Login attempt for username: admin
[Kanban API] Login successful for username: admin
[Kanban API] Login attempt for username: admin
[Kanban API] Login successful for username: admin
[Kanban API] Login attempt for username: normal_user
[Kanban API] Login successful for username: normal_user
[Kanban API] Login attempt for username: normal_user_create
[Kanban API] Login successful for username: normal_user_create
]]></system-out>
	<system-err><![CDATA[]]></system-err>
</testsuite>
